# JRE version: OpenJDK Runtime Environment Temurin-21.0.10+7 (21.0.10+7) (build 21.0.10+7-LTS)
# Java VM: OpenJDK 64-Bit Server VM Temurin-21.0.10+7 (21.0.10+7-LTS, mixed mode, sharing, tiered, compressed oops, compressed class ptrs, parallel gc, windows-amd64)
GC Precious Log:
 CardTable entry size: 512
 CPUs: 8 total, 8 available
 Memory: 7975M
 Large Page Support: Disabled
 NUMA Support: Disabled
 Compressed Oops: Enabled (32-bit)
 Alignments: Space 512K, Generation 512K, Heap 2M
 Heap Min Capacity: 100M
 Heap Initial Capacity: 100M
 Heap Max Capacity: 2G
 Pre-touch: Disabled
 Parallel Workers: 8
Heap:
 PSYoungGen      total 9216K, used 2493K [0x00000000d5580000, 0x00000000d6400000, 0x0000000100000000)
  eden space 7680K, 16% used [0x00000000d5580000,0x00000000d56b77b8,0x00000000d5d00000)
  from space 1536K, 81% used [0x00000000d6280000,0x00000000d63b8030,0x00000000d6400000)
  to   space 2560K, 0% used [0x00000000d5f00000,0x00000000d5f00000,0x00000000d6180000)
 ParOldGen       total 842752K, used 267432K [0x0000000080000000, 0x00000000b3700000, 0x00000000d5580000)
  object space 842752K, 31% used [0x0000000080000000,0x000000009052a228,0x00000000b3700000)
 Metaspace       used 79063K, committed 80832K, reserved 1179648K
  class space    used 8135K, committed 8896K, reserved 1048576K
GC Heap History (20 events):
Event: 573.836 GC heap before
{Heap before GC invocations=955 (full 4):
 PSYoungGen      total 8704K, used 7680K [0x00000000d5580000, 0x00000000d5f00000, 0x0000000100000000)
  eden space 7680K, 100% used [0x00000000d5580000,0x00000000d5d00000,0x00000000d5d00000)
  from space 1024K, 0% used [0x00000000d5e00000,0x00000000d5e00000,0x00000000d5f00000)
  to   space 1024K, 0% used [0x00000000d5d00000,0x00000000d5d00000,0x00000000d5e00000)
 ParOldGen       total 842752K, used 257880K [0x0000000080000000, 0x00000000b3700000, 0x00000000d5580000)
  object space 842752K, 30% used [0x0000000080000000,0x000000008fbd6020,0x00000000b3700000)
 Metaspace       used 78166K, committed 79936K, reserved 1179648K
  class space    used 8047K, committed 8768K, reserved 1048576K
}
Event: 573.842 GC heap after
{Heap after GC invocations=955 (full 4):
 PSYoungGen      total 8704K, used 1012K [0x00000000d5580000, 0x00000000d6000000, 0x0000000100000000)
  eden space 7680K, 0% used [0x00000000d5580000,0x00000000d5580000,0x00000000d5d00000)
  from space 1024K, 98% used [0x00000000d5d00000,0x00000000d5dfd200,0x00000000d5e00000)
  to   space 1536K, 0% used [0x00000000d5e80000,0x00000000d5e80000,0x00000000d6000000)
 ParOldGen       total 842752K, used 257896K [0x0000000080000000, 0x00000000b3700000, 0x00000000d5580000)
  object space 842752K, 30% used [0x0000000080000000,0x000000008fbda020,0x00000000b3700000)
 Metaspace       used 78166K, committed 79936K, reserved 1179648K
  class space    used 8047K, committed 8768K, reserved 1048576K
}
Event: 574.019 GC heap before
{Heap before GC invocations=956 (full 4):
 PSYoungGen      total 8704K, used 8692K [0x00000000d5580000, 0x00000000d6000000, 0x0000000100000000)
  eden space 7680K, 100% used [0x00000000d5580000,0x00000000d5d00000,0x00000000d5d00000)
  from space 1024K, 98% used [0x00000000d5d00000,0x00000000d5dfd200,0x00000000d5e00000)
  to   space 1536K, 0% used [0x00000000d5e80000,0x00000000d5e80000,0x00000000d6000000)
 ParOldGen       total 842752K, used 257896K [0x0000000080000000, 0x00000000b3700000, 0x00000000d5580000)
  object space 842752K, 30% used [0x0000000080000000,0x000000008fbda020,0x00000000b3700000)
 Metaspace       used 78275K, committed 80000K, reserved 1179648K
  class space    used 8052K, committed 8768K, reserved 1048576K
}
Event: 574.024 GC heap after
{Heap after GC invocations=956 (full 4):
 PSYoungGen      total 9216K, used 1344K [0x00000000d5580000, 0x00000000d6000000, 0x0000000100000000)
  eden space 7680K, 0% used [0x00000000d5580000,0x00000000d5580000,0x00000000d5d00000)
  from space 1536K, 87% used [0x00000000d5e80000,0x00000000d5fd0040,0x00000000d6000000)
  to   space 1536K, 0% used [0x00000000d5d00000,0x00000000d5d00000,0x00000000d5e80000)
 ParOldGen       total 842752K, used 258847K [0x0000000080000000, 0x00000000b3700000, 0x00000000d5580000)
  object space 842752K, 30% used [0x0000000080000000,0x000000008fcc7d40,0x00000000b3700000)
 Metaspace       used 78275K, committed 80000K, reserved 1179648K
  class space    used 8052K, committed 8768K, reserved 1048576K
}
Event: 574.213 GC heap before
{Heap before GC invocations=957 (full 4):
 PSYoungGen      total 9216K, used 8883K [0x00000000d5580000, 0x00000000d6000000, 0x0000000100000000)
  eden space 7680K, 98% used [0x00000000d5580000,0x00000000d5cdcd88,0x00000000d5d00000)
  from space 1536K, 87% used [0x00000000d5e80000,0x00000000d5fd0040,0x00000000d6000000)
  to   space 1536K, 0% used [0x00000000d5d00000,0x00000000d5d00000,0x00000000d5e80000)
 ParOldGen       total 842752K, used 258847K [0x0000000080000000, 0x00000000b3700000, 0x00000000d5580000)
  object space 842752K, 30% used [0x0000000080000000,0x000000008fcc7d40,0x00000000b3700000)
 Metaspace       used 78346K, committed 80064K, reserved 1179648K
  class space    used 8060K, committed 8768K, reserved 1048576K
}
Event: 574.222 GC heap after
{Heap after GC invocations=957 (full 4):
 PSYoungGen      total 9216K, used 1061K [0x00000000d5580000, 0x00000000d6000000, 0x0000000100000000)
  eden space 7680K, 0% used [0x00000000d5580000,0x00000000d5580000,0x00000000d5d00000)
  from space 1536K, 69% used [0x00000000d5d00000,0x00000000d5e095b0,0x00000000d5e80000)
  to   space 1536K, 0% used [0x00000000d5e80000,0x00000000d5e80000,0x00000000d6000000)
 ParOldGen       total 842752K, used 260019K [0x0000000080000000, 0x00000000b3700000, 0x00000000d5580000)
  object space 842752K, 30% used [0x0000000080000000,0x000000008fdeced8,0x00000000b3700000)
 Metaspace       used 78346K, committed 80064K, reserved 1179648K
  class space    used 8060K, committed 8768K, reserved 1048576K
}
Event: 574.397 GC heap before
{Heap before GC invocations=958 (full 4):
 PSYoungGen      total 9216K, used 8741K [0x00000000d5580000, 0x00000000d6000000, 0x0000000100000000)
  eden space 7680K, 100% used [0x00000000d5580000,0x00000000d5d00000,0x00000000d5d00000)
  from space 1536K, 69% used [0x00000000d5d00000,0x00000000d5e095b0,0x00000000d5e80000)
  to   space 1536K, 0% used [0x00000000d5e80000,0x00000000d5e80000,0x00000000d6000000)
 ParOldGen       total 842752K, used 260019K [0x0000000080000000, 0x00000000b3700000, 0x00000000d5580000)
  object space 842752K, 30% used [0x0000000080000000,0x000000008fdeced8,0x00000000b3700000)
 Metaspace       used 78370K, committed 80064K, reserved 1179648K
  class space    used 8060K, committed 8768K, reserved 1048576K
}
Event: 574.405 GC heap after
{Heap after GC invocations=958 (full 4):
 PSYoungGen      total 8704K, used 545K [0x00000000d5580000, 0x00000000d5f80000, 0x0000000100000000)
  eden space 7680K, 0% used [0x00000000d5580000,0x00000000d5580000,0x00000000d5d00000)
  from space 1024K, 53% used [0x00000000d5e80000,0x00000000d5f08510,0x00000000d5f80000)
  to   space 1024K, 0% used [0x00000000d5d80000,0x00000000d5d80000,0x00000000d5e80000)
 ParOldGen       total 842752K, used 260934K [0x0000000080000000, 0x00000000b3700000, 0x00000000d5580000)
  object space 842752K, 30% used [0x0000000080000000,0x000000008fed18e0,0x00000000b3700000)
 Metaspace       used 78370K, committed 80064K, reserved 1179648K
  class space    used 8060K, committed 8768K, reserved 1048576K
}
Event: 574.554 GC heap before
{Heap before GC invocations=959 (full 4):
 PSYoungGen      total 8704K, used 8225K [0x00000000d5580000, 0x00000000d5f80000, 0x0000000100000000)
  eden space 7680K, 100% used [0x00000000d5580000,0x00000000d5d00000,0x00000000d5d00000)
  from space 1024K, 53% used [0x00000000d5e80000,0x00000000d5f08510,0x00000000d5f80000)
  to   space 1024K, 0% used [0x00000000d5d80000,0x00000000d5d80000,0x00000000d5e80000)
 ParOldGen       total 842752K, used 260934K [0x0000000080000000, 0x00000000b3700000, 0x00000000d5580000)
  object space 842752K, 30% used [0x0000000080000000,0x000000008fed18e0,0x00000000b3700000)
 Metaspace       used 78391K, committed 80064K, reserved 1179648K
  class space    used 8060K, committed 8768K, reserved 1048576K
}
Event: 574.559 GC heap after
{Heap after GC invocations=959 (full 4):
 PSYoungGen      total 8704K, used 788K [0x00000000d5580000, 0x00000000d5f00000, 0x0000000100000000)
  eden space 7680K, 0% used [0x00000000d5580000,0x00000000d5580000,0x00000000d5d00000)
  from space 1024K, 77% used [0x00000000d5d80000,0x00000000d5e45200,0x00000000d5e80000)
  to   space 512K, 0% used [0x00000000d5e80000,0x00000000d5e80000,0x00000000d5f00000)
 ParOldGen       total 842752K, used 261291K [0x0000000080000000, 0x00000000b3700000, 0x00000000d5580000)
  object space 842752K, 31% used [0x0000000080000000,0x000000008ff2ae00,0x00000000b3700000)
 Metaspace       used 78391K, committed 80064K, reserved 1179648K
  class space    used 8060K, committed 8768K, reserved 1048576K
}
Event: 574.802 GC heap before
{Heap before GC invocations=960 (full 4):
 PSYoungGen      total 8704K, used 8468K [0x00000000d5580000, 0x00000000d5f00000, 0x0000000100000000)
  eden space 7680K, 100% used [0x00000000d5580000,0x00000000d5d00000,0x00000000d5d00000)
  from space 1024K, 77% used [0x00000000d5d80000,0x00000000d5e45200,0x00000000d5e80000)
  to   space 512K, 0% used [0x00000000d5e80000,0x00000000d5e80000,0x00000000d5f00000)
 ParOldGen       total 842752K, used 261291K [0x0000000080000000, 0x00000000b3700000, 0x00000000d5580000)
  object space 842752K, 31% used [0x0000000080000000,0x000000008ff2ae00,0x00000000b3700000)
 Metaspace       used 78393K, committed 80064K, reserved 1179648K
  class space    used 8060K, committed 8768K, reserved 1048576K
}
Event: 574.812 GC heap after
{Heap after GC invocations=960 (full 4):
 PSYoungGen      total 8192K, used 512K [0x00000000d5580000, 0x00000000d6000000, 0x0000000100000000)
  eden space 7680K, 0% used [0x00000000d5580000,0x00000000d5580000,0x00000000d5d00000)
  from space 512K, 100% used [0x00000000d5e80000,0x00000000d5f00000,0x00000000d5f00000)
  to   space 1536K, 0% used [0x00000000d5d00000,0x00000000d5d00000,0x00000000d5e80000)
 ParOldGen       total 842752K, used 262059K [0x0000000080000000, 0x00000000b3700000, 0x00000000d5580000)
  object space 842752K, 31% used [0x0000000080000000,0x000000008ffeac90,0x00000000b3700000)
 Metaspace       used 78393K, committed 80064K, reserved 1179648K
  class space    used 8060K, committed 8768K, reserved 1048576K
}
Event: 656.614 GC heap before
{Heap before GC invocations=961 (full 4):
 PSYoungGen      total 8192K, used 8192K [0x00000000d5580000, 0x00000000d6000000, 0x0000000100000000)
  eden space 7680K, 100% used [0x00000000d5580000,0x00000000d5d00000,0x00000000d5d00000)
  from space 512K, 100% used [0x00000000d5e80000,0x00000000d5f00000,0x00000000d5f00000)
  to   space 1536K, 0% used [0x00000000d5d00000,0x00000000d5d00000,0x00000000d5e80000)
 ParOldGen       total 842752K, used 262059K [0x0000000080000000, 0x00000000b3700000, 0x00000000d5580000)
  object space 842752K, 31% used [0x0000000080000000,0x000000008ffeac90,0x00000000b3700000)
 Metaspace       used 78561K, committed 80320K, reserved 1179648K
  class space    used 8073K, committed 8832K, reserved 1048576K
}
Event: 656.621 GC heap after
{Heap after GC invocations=961 (full 4):
 PSYoungGen      total 8704K, used 608K [0x00000000d5580000, 0x00000000d5f00000, 0x0000000100000000)
  eden space 7680K, 0% used [0x00000000d5580000,0x00000000d5580000,0x00000000d5d00000)
  from space 1024K, 59% used [0x00000000d5d00000,0x00000000d5d98000,0x00000000d5e00000)
  to   space 1024K, 0% used [0x00000000d5e00000,0x00000000d5e00000,0x00000000d5f00000)
 ParOldGen       total 842752K, used 262571K [0x0000000080000000, 0x00000000b3700000, 0x00000000d5580000)
  object space 842752K, 31% used [0x0000000080000000,0x000000009006acb0,0x00000000b3700000)
 Metaspace       used 78561K, committed 80320K, reserved 1179648K
  class space    used 8073K, committed 8832K, reserved 1048576K
}
Event: 660.674 GC heap before
{Heap before GC invocations=962 (full 4):
 PSYoungGen      total 8704K, used 8278K [0x00000000d5580000, 0x00000000d5f00000, 0x0000000100000000)
  eden space 7680K, 99% used [0x00000000d5580000,0x00000000d5cfda60,0x00000000d5d00000)
  from space 1024K, 59% used [0x00000000d5d00000,0x00000000d5d98000,0x00000000d5e00000)
  to   space 1024K, 0% used [0x00000000d5e00000,0x00000000d5e00000,0x00000000d5f00000)
 ParOldGen       total 842752K, used 262571K [0x0000000080000000, 0x00000000b3700000, 0x00000000d5580000)
  object space 842752K, 31% used [0x0000000080000000,0x000000009006acb0,0x00000000b3700000)
 Metaspace       used 78832K, committed 80576K, reserved 1179648K
  class space    used 8102K, committed 8832K, reserved 1048576K
}
Event: 660.678 GC heap after
{Heap after GC invocations=962 (full 4):
 PSYoungGen      total 8192K, used 256K [0x00000000d5580000, 0x00000000d5e80000, 0x0000000100000000)
  eden space 7680K, 0% used [0x00000000d5580000,0x00000000d5580000,0x00000000d5d00000)
  from space 512K, 50% used [0x00000000d5e00000,0x00000000d5e40000,0x00000000d5e80000)
  to   space 512K, 0% used [0x00000000d5d80000,0x00000000d5d80000,0x00000000d5e00000)
 ParOldGen       total 842752K, used 263080K [0x0000000080000000, 0x00000000b3700000, 0x00000000d5580000)
  object space 842752K, 31% used [0x0000000080000000,0x00000000900ea0c0,0x00000000b3700000)
 Metaspace       used 78832K, committed 80576K, reserved 1179648K
  class space    used 8102K, committed 8832K, reserved 1048576K
}
Event: 660.880 GC heap before
{Heap before GC invocations=963 (full 4):
 PSYoungGen      total 8192K, used 7930K [0x00000000d5580000, 0x00000000d5e80000, 0x0000000100000000)
  eden space 7680K, 99% used [0x00000000d5580000,0x00000000d5cfea68,0x00000000d5d00000)
  from space 512K, 50% used [0x00000000d5e00000,0x00000000d5e40000,0x00000000d5e80000)
  to   space 512K, 0% used [0x00000000d5d80000,0x00000000d5d80000,0x00000000d5e00000)
 ParOldGen       total 842752K, used 263080K [0x0000000080000000, 0x00000000b3700000, 0x00000000d5580000)
  object space 842752K, 31% used [0x0000000080000000,0x00000000900ea0c0,0x00000000b3700000)
 Metaspace       used 78934K, committed 80640K, reserved 1179648K
  class space    used 8111K, committed 8832K, reserved 1048576K
}
Event: 660.894 GC heap after
{Heap after GC invocations=963 (full 4):
 PSYoungGen      total 8192K, used 507K [0x00000000d5580000, 0x00000000d6800000, 0x0000000100000000)
  eden space 7680K, 0% used [0x00000000d5580000,0x00000000d5580000,0x00000000d5d00000)
  from space 512K, 99% used [0x00000000d5d80000,0x00000000d5dfec20,0x00000000d5e00000)
  to   space 5632K, 0% used [0x00000000d6280000,0x00000000d6280000,0x00000000d6800000)
 ParOldGen       total 842752K, used 267316K [0x0000000080000000, 0x00000000b3700000, 0x00000000d5580000)
  object space 842752K, 31% used [0x0000000080000000,0x000000009050d028,0x00000000b3700000)
 Metaspace       used 78934K, committed 80640K, reserved 1179648K
  class space    used 8111K, committed 8832K, reserved 1048576K
}
Event: 1724.035 GC heap before
{Heap before GC invocations=964 (full 4):
 PSYoungGen      total 8192K, used 8187K [0x00000000d5580000, 0x00000000d6800000, 0x0000000100000000)
  eden space 7680K, 100% used [0x00000000d5580000,0x00000000d5d00000,0x00000000d5d00000)
  from space 512K, 99% used [0x00000000d5d80000,0x00000000d5dfec20,0x00000000d5e00000)
  to   space 5632K, 0% used [0x00000000d6280000,0x00000000d6280000,0x00000000d6800000)
 ParOldGen       total 842752K, used 267316K [0x0000000080000000, 0x00000000b3700000, 0x00000000d5580000)
  object space 842752K, 31% used [0x0000000080000000,0x000000009050d028,0x00000000b3700000)
 Metaspace       used 79056K, committed 80832K, reserved 1179648K
  class space    used 8135K, committed 8896K, reserved 1048576K
}
Event: 1724.679 GC heap after
{Heap after GC invocations=964 (full 4):
 PSYoungGen      total 9216K, used 1248K [0x00000000d5580000, 0x00000000d6400000, 0x0000000100000000)
  eden space 7680K, 0% used [0x00000000d5580000,0x00000000d5580000,0x00000000d5d00000)
  from space 1536K, 81% used [0x00000000d6280000,0x00000000d63b8030,0x00000000d6400000)
  to   space 2560K, 0% used [0x00000000d5f00000,0x00000000d5f00000,0x00000000d6180000)
 ParOldGen       total 842752K, used 267432K [0x0000000080000000, 0x00000000b3700000, 0x00000000d5580000)
  object space 842752K, 31% used [0x0000000080000000,0x000000009052a228,0x00000000b3700000)
 Metaspace       used 79056K, committed 80832K, reserved 1179648K
  class space    used 8135K, committed 8896K, reserved 1048576K
}

