# JRE version: OpenJDK Runtime Environment Temurin-21.0.10+7 (21.0.10+7) (build 21.0.10+7-LTS)
# Java VM: OpenJDK 64-Bit Server VM Temurin-21.0.10+7 (21.0.10+7-LTS, mixed mode, sharing, tiered, compressed oops, compressed class ptrs, parallel gc, windows-amd64)
GC Precious Log:
 CardTable entry size: 512
 CPUs: 8 total, 8 available
 Memory: 7975M
 Large Page Support: Disabled
 NUMA Support: Disabled
 Compressed Oops: Enabled (32-bit)
 Alignments: Space 512K, Generation 512K, Heap 2M
 Heap Min Capacity: 100M
 Heap Initial Capacity: 100M
 Heap Max Capacity: 2G
 Pre-touch: Disabled
 Parallel Workers: 8
Heap:
 PSYoungGen      total 35328K, used 31820K [0x00000000d5580000, 0x00000000d8b80000, 0x0000000100000000)
  eden space 20480K, 84% used [0x00000000d5580000,0x00000000d6673268,0x00000000d6980000)
  from space 14848K, 97% used [0x00000000d7d00000,0x00000000d8b20000,0x00000000d8b80000)
  to   space 15360K, 0% used [0x00000000d6d80000,0x00000000d6d80000,0x00000000d7c80000)
 ParOldGen       total 139776K, used 139320K [0x0000000080000000, 0x0000000088880000, 0x00000000d5580000)
  object space 139776K, 99% used [0x0000000080000000,0x000000008880e190,0x0000000088880000)
 Metaspace       used 67994K, committed 69568K, reserved 1114112K
  class space    used 7111K, committed 7808K, reserved 1048576K
GC Heap History (20 events):
Event: 416.251 GC heap before
{Heap before GC invocations=72 (full 3):
 PSYoungGen      total 20992K, used 20968K [0x00000000d5580000, 0x00000000d7100000, 0x0000000100000000)
  eden space 20480K, 100% used [0x00000000d5580000,0x00000000d6980000,0x00000000d6980000)
  from space 512K, 95% used [0x00000000d7080000,0x00000000d70fa260,0x00000000d7100000)
  to   space 3072K, 0% used [0x00000000d6b00000,0x00000000d6b00000,0x00000000d6e00000)
 ParOldGen       total 74752K, used 74728K [0x0000000080000000, 0x0000000084900000, 0x00000000d5580000)
  object space 74752K, 99% used [0x0000000080000000,0x00000000848fa360,0x0000000084900000)
 Metaspace       used 66775K, committed 68352K, reserved 1114112K
  class space    used 6982K, committed 7680K, reserved 1048576K
}
Event: 416.253 GC heap after
{Heap after GC invocations=72 (full 3):
 PSYoungGen      total 23552K, used 512K [0x00000000d5580000, 0x00000000d7100000, 0x0000000100000000)
  eden space 20480K, 0% used [0x00000000d5580000,0x00000000d5580000,0x00000000d6980000)
  from space 3072K, 16% used [0x00000000d6b00000,0x00000000d6b80000,0x00000000d6e00000)
  to   space 1536K, 0% used [0x00000000d6f80000,0x00000000d6f80000,0x00000000d7100000)
 ParOldGen       total 75264K, used 75256K [0x0000000080000000, 0x0000000084980000, 0x00000000d5580000)
  object space 75264K, 99% used [0x0000000080000000,0x000000008497e090,0x0000000084980000)
 Metaspace       used 66775K, committed 68352K, reserved 1114112K
  class space    used 6982K, committed 7680K, reserved 1048576K
}
Event: 416.335 GC heap before
{Heap before GC invocations=73 (full 3):
 PSYoungGen      total 23552K, used 20992K [0x00000000d5580000, 0x00000000d7100000, 0x0000000100000000)
  eden space 20480K, 100% used [0x00000000d5580000,0x00000000d6980000,0x00000000d6980000)
  from space 3072K, 16% used [0x00000000d6b00000,0x00000000d6b80000,0x00000000d6e00000)
  to   space 1536K, 0% used [0x00000000d6f80000,0x00000000d6f80000,0x00000000d7100000)
 ParOldGen       total 75264K, used 75256K [0x0000000080000000, 0x0000000084980000, 0x00000000d5580000)
  object space 75264K, 99% used [0x0000000080000000,0x000000008497e090,0x0000000084980000)
 Metaspace       used 66776K, committed 68352K, reserved 1114112K
  class space    used 6982K, committed 7680K, reserved 1048576K
}
Event: 416.338 GC heap after
{Heap after GC invocations=73 (full 3):
 PSYoungGen      total 22016K, used 1526K [0x00000000d5580000, 0x00000000d7100000, 0x0000000100000000)
  eden space 20480K, 0% used [0x00000000d5580000,0x00000000d5580000,0x00000000d6980000)
  from space 1536K, 99% used [0x00000000d6f80000,0x00000000d70fdab8,0x00000000d7100000)
  to   space 3072K, 0% used [0x00000000d6b00000,0x00000000d6b00000,0x00000000d6e00000)
 ParOldGen       total 76288K, used 76091K [0x0000000080000000, 0x0000000084a80000, 0x00000000d5580000)
  object space 76288K, 99% used [0x0000000080000000,0x0000000084a4ec08,0x0000000084a80000)
 Metaspace       used 66776K, committed 68352K, reserved 1114112K
  class space    used 6982K, committed 7680K, reserved 1048576K
}
Event: 416.413 GC heap before
{Heap before GC invocations=74 (full 3):
 PSYoungGen      total 22016K, used 22006K [0x00000000d5580000, 0x00000000d7100000, 0x0000000100000000)
  eden space 20480K, 100% used [0x00000000d5580000,0x00000000d6980000,0x00000000d6980000)
  from space 1536K, 99% used [0x00000000d6f80000,0x00000000d70fdab8,0x00000000d7100000)
  to   space 3072K, 0% used [0x00000000d6b00000,0x00000000d6b00000,0x00000000d6e00000)
 ParOldGen       total 76288K, used 76091K [0x0000000080000000, 0x0000000084a80000, 0x00000000d5580000)
  object space 76288K, 99% used [0x0000000080000000,0x0000000084a4ec08,0x0000000084a80000)
 Metaspace       used 66776K, committed 68352K, reserved 1114112K
  class space    used 6982K, committed 7680K, reserved 1048576K
}
Event: 416.420 GC heap after
{Heap after GC invocations=74 (full 3):
 PSYoungGen      total 23552K, used 957K [0x00000000d5580000, 0x00000000d7000000, 0x0000000100000000)
  eden space 20480K, 0% used [0x00000000d5580000,0x00000000d5580000,0x00000000d6980000)
  from space 3072K, 31% used [0x00000000d6b00000,0x00000000d6bef6c0,0x00000000d6e00000)
  to   space 1536K, 0% used [0x00000000d6e80000,0x00000000d6e80000,0x00000000d7000000)
 ParOldGen       total 77824K, used 77611K [0x0000000080000000, 0x0000000084c00000, 0x00000000d5580000)
  object space 77824K, 99% used [0x0000000080000000,0x0000000084bcad38,0x0000000084c00000)
 Metaspace       used 66776K, committed 68352K, reserved 1114112K
  class space    used 6982K, committed 7680K, reserved 1048576K
}
Event: 416.491 GC heap before
{Heap before GC invocations=75 (full 3):
 PSYoungGen      total 23552K, used 21437K [0x00000000d5580000, 0x00000000d7000000, 0x0000000100000000)
  eden space 20480K, 100% used [0x00000000d5580000,0x00000000d6980000,0x00000000d6980000)
  from space 3072K, 31% used [0x00000000d6b00000,0x00000000d6bef6c0,0x00000000d6e00000)
  to   space 1536K, 0% used [0x00000000d6e80000,0x00000000d6e80000,0x00000000d7000000)
 ParOldGen       total 77824K, used 77611K [0x0000000080000000, 0x0000000084c00000, 0x00000000d5580000)
  object space 77824K, 99% used [0x0000000080000000,0x0000000084bcad38,0x0000000084c00000)
 Metaspace       used 66779K, committed 68352K, reserved 1114112K
  class space    used 6982K, committed 7680K, reserved 1048576K
}
Event: 416.493 GC heap after
{Heap after GC invocations=75 (full 3):
 PSYoungGen      total 22016K, used 1531K [0x00000000d5580000, 0x00000000d7000000, 0x0000000100000000)
  eden space 20480K, 0% used [0x00000000d5580000,0x00000000d5580000,0x00000000d6980000)
  from space 1536K, 99% used [0x00000000d6e80000,0x00000000d6ffef70,0x00000000d7000000)
  to   space 3072K, 0% used [0x00000000d6a00000,0x00000000d6a00000,0x00000000d6d00000)
 ParOldGen       total 78848K, used 78702K [0x0000000080000000, 0x0000000084d00000, 0x00000000d5580000)
  object space 78848K, 99% used [0x0000000080000000,0x0000000084cdb960,0x0000000084d00000)
 Metaspace       used 66779K, committed 68352K, reserved 1114112K
  class space    used 6982K, committed 7680K, reserved 1048576K
}
Event: 416.581 GC heap before
{Heap before GC invocations=76 (full 3):
 PSYoungGen      total 22016K, used 22011K [0x00000000d5580000, 0x00000000d7000000, 0x0000000100000000)
  eden space 20480K, 100% used [0x00000000d5580000,0x00000000d6980000,0x00000000d6980000)
  from space 1536K, 99% used [0x00000000d6e80000,0x00000000d6ffef70,0x00000000d7000000)
  to   space 3072K, 0% used [0x00000000d6a00000,0x00000000d6a00000,0x00000000d6d00000)
 ParOldGen       total 78848K, used 78702K [0x0000000080000000, 0x0000000084d00000, 0x00000000d5580000)
  object space 78848K, 99% used [0x0000000080000000,0x0000000084cdb960,0x0000000084d00000)
 Metaspace       used 66785K, committed 68352K, reserved 1114112K
  class space    used 6982K, committed 7680K, reserved 1048576K
}
Event: 416.587 GC heap after
{Heap after GC invocations=76 (full 3):
 PSYoungGen      total 23552K, used 1282K [0x00000000d5580000, 0x00000000d6f00000, 0x0000000100000000)
  eden space 20480K, 0% used [0x00000000d5580000,0x00000000d5580000,0x00000000d6980000)
  from space 3072K, 41% used [0x00000000d6a00000,0x00000000d6b40ae8,0x00000000d6d00000)
  to   space 2048K, 0% used [0x00000000d6d00000,0x00000000d6d00000,0x00000000d6f00000)
 ParOldGen       total 80896K, used 80219K [0x0000000080000000, 0x0000000084f00000, 0x00000000d5580000)
  object space 80896K, 99% used [0x0000000080000000,0x0000000084e56e98,0x0000000084f00000)
 Metaspace       used 66785K, committed 68352K, reserved 1114112K
  class space    used 6982K, committed 7680K, reserved 1048576K
}
Event: 416.668 GC heap before
{Heap before GC invocations=77 (full 3):
 PSYoungGen      total 23552K, used 21762K [0x00000000d5580000, 0x00000000d6f00000, 0x0000000100000000)
  eden space 20480K, 100% used [0x00000000d5580000,0x00000000d6980000,0x00000000d6980000)
  from space 3072K, 41% used [0x00000000d6a00000,0x00000000d6b40ae8,0x00000000d6d00000)
  to   space 2048K, 0% used [0x00000000d6d00000,0x00000000d6d00000,0x00000000d6f00000)
 ParOldGen       total 80896K, used 80219K [0x0000000080000000, 0x0000000084f00000, 0x00000000d5580000)
  object space 80896K, 99% used [0x0000000080000000,0x0000000084e56e98,0x0000000084f00000)
 Metaspace       used 66912K, committed 68544K, reserved 1114112K
  class space    used 7007K, committed 7744K, reserved 1048576K
}
Event: 416.671 GC heap after
{Heap after GC invocations=77 (full 3):
 PSYoungGen      total 22528K, used 2046K [0x00000000d5580000, 0x00000000d6f00000, 0x0000000100000000)
  eden space 20480K, 0% used [0x00000000d5580000,0x00000000d5580000,0x00000000d6980000)
  from space 2048K, 99% used [0x00000000d6d00000,0x00000000d6effb20,0x00000000d6f00000)
  to   space 2560K, 0% used [0x00000000d6a00000,0x00000000d6a00000,0x00000000d6c80000)
 ParOldGen       total 81920K, used 81414K [0x0000000080000000, 0x0000000085000000, 0x00000000d5580000)
  object space 81920K, 99% used [0x0000000080000000,0x0000000084f81a88,0x0000000085000000)
 Metaspace       used 66912K, committed 68544K, reserved 1114112K
  class space    used 7007K, committed 7744K, reserved 1048576K
}
Event: 670.012 GC heap before
{Heap before GC invocations=78 (full 3):
 PSYoungGen      total 22528K, used 21494K [0x00000000d5580000, 0x00000000d6f00000, 0x0000000100000000)
  eden space 20480K, 94% used [0x00000000d5580000,0x00000000d687de90,0x00000000d6980000)
  from space 2048K, 99% used [0x00000000d6d00000,0x00000000d6effb20,0x00000000d6f00000)
  to   space 2560K, 0% used [0x00000000d6a00000,0x00000000d6a00000,0x00000000d6c80000)
 ParOldGen       total 81920K, used 81414K [0x0000000080000000, 0x0000000085000000, 0x00000000d5580000)
  object space 81920K, 99% used [0x0000000080000000,0x0000000084f81a88,0x0000000085000000)
 Metaspace       used 67860K, committed 69440K, reserved 1114112K
  class space    used 7092K, committed 7808K, reserved 1048576K
}
Event: 670.033 GC heap after
{Heap after GC invocations=78 (full 3):
 PSYoungGen      total 23040K, used 2537K [0x00000000d5580000, 0x00000000d7480000, 0x0000000100000000)
  eden space 20480K, 0% used [0x00000000d5580000,0x00000000d5580000,0x00000000d6980000)
  from space 2560K, 99% used [0x00000000d6a00000,0x00000000d6c7a7a0,0x00000000d6c80000)
  to   space 5632K, 0% used [0x00000000d6f00000,0x00000000d6f00000,0x00000000d7480000)
 ParOldGen       total 83968K, used 83616K [0x0000000080000000, 0x0000000085200000, 0x00000000d5580000)
  object space 83968K, 99% used [0x0000000080000000,0x00000000851a8218,0x0000000085200000)
 Metaspace       used 67860K, committed 69440K, reserved 1114112K
  class space    used 7092K, committed 7808K, reserved 1048576K
}
Event: 670.132 GC heap before
{Heap before GC invocations=79 (full 3):
 PSYoungGen      total 23040K, used 23017K [0x00000000d5580000, 0x00000000d7480000, 0x0000000100000000)
  eden space 20480K, 100% used [0x00000000d5580000,0x00000000d6980000,0x00000000d6980000)
  from space 2560K, 99% used [0x00000000d6a00000,0x00000000d6c7a7a0,0x00000000d6c80000)
  to   space 5632K, 0% used [0x00000000d6f00000,0x00000000d6f00000,0x00000000d7480000)
 ParOldGen       total 121856K, used 120955K [0x0000000080000000, 0x0000000087700000, 0x00000000d5580000)
  object space 121856K, 99% used [0x0000000080000000,0x000000008761ed68,0x0000000087700000)
 Metaspace       used 67874K, committed 69440K, reserved 1114112K
  class space    used 7094K, committed 7808K, reserved 1048576K
}
Event: 670.137 GC heap after
{Heap after GC invocations=79 (full 3):
 PSYoungGen      total 23552K, used 2752K [0x00000000d5580000, 0x00000000d7200000, 0x0000000100000000)
  eden space 20480K, 0% used [0x00000000d5580000,0x00000000d5580000,0x00000000d6980000)
  from space 3072K, 89% used [0x00000000d6f00000,0x00000000d71b0000,0x00000000d7200000)
  to   space 3584K, 0% used [0x00000000d6b00000,0x00000000d6b00000,0x00000000d6e80000)
 ParOldGen       total 122368K, used 122168K [0x0000000080000000, 0x0000000087780000, 0x00000000d5580000)
  object space 122368K, 99% used [0x0000000080000000,0x000000008774e190,0x0000000087780000)
 Metaspace       used 67874K, committed 69440K, reserved 1114112K
  class space    used 7094K, committed 7808K, reserved 1048576K
}
Event: 670.222 GC heap before
{Heap before GC invocations=80 (full 3):
 PSYoungGen      total 23552K, used 23232K [0x00000000d5580000, 0x00000000d7200000, 0x0000000100000000)
  eden space 20480K, 100% used [0x00000000d5580000,0x00000000d6980000,0x00000000d6980000)
  from space 3072K, 89% used [0x00000000d6f00000,0x00000000d71b0000,0x00000000d7200000)
  to   space 3584K, 0% used [0x00000000d6b00000,0x00000000d6b00000,0x00000000d6e80000)
 ParOldGen       total 122368K, used 122168K [0x0000000080000000, 0x0000000087780000, 0x00000000d5580000)
  object space 122368K, 99% used [0x0000000080000000,0x000000008774e190,0x0000000087780000)
 Metaspace       used 67874K, committed 69440K, reserved 1114112K
  class space    used 7094K, committed 7808K, reserved 1048576K
}
Event: 670.234 GC heap after
{Heap after GC invocations=80 (full 3):
 PSYoungGen      total 24064K, used 3584K [0x00000000d5580000, 0x00000000d9080000, 0x0000000100000000)
  eden space 20480K, 0% used [0x00000000d5580000,0x00000000d5580000,0x00000000d6980000)
  from space 3584K, 100% used [0x00000000d6b00000,0x00000000d6e80000,0x00000000d6e80000)
  to   space 19968K, 0% used [0x00000000d7d00000,0x00000000d7d00000,0x00000000d9080000)
 ParOldGen       total 136192K, used 135704K [0x0000000080000000, 0x0000000088500000, 0x00000000d5580000)
  object space 136192K, 99% used [0x0000000080000000,0x0000000088486190,0x0000000088500000)
 Metaspace       used 67874K, committed 69440K, reserved 1114112K
  class space    used 7094K, committed 7808K, reserved 1048576K
}
Event: 670.348 GC heap before
{Heap before GC invocations=81 (full 3):
 PSYoungGen      total 24064K, used 24064K [0x00000000d5580000, 0x00000000d9080000, 0x0000000100000000)
  eden space 20480K, 100% used [0x00000000d5580000,0x00000000d6980000,0x00000000d6980000)
  from space 3584K, 100% used [0x00000000d6b00000,0x00000000d6e80000,0x00000000d6e80000)
  to   space 19968K, 0% used [0x00000000d7d00000,0x00000000d7d00000,0x00000000d9080000)
 ParOldGen       total 136192K, used 135704K [0x0000000080000000, 0x0000000088500000, 0x00000000d5580000)
  object space 136192K, 99% used [0x0000000080000000,0x0000000088486190,0x0000000088500000)
 Metaspace       used 67874K, committed 69440K, reserved 1114112K
  class space    used 7094K, committed 7808K, reserved 1048576K
}
Event: 670.361 GC heap after
{Heap after GC invocations=81 (full 3):
 PSYoungGen      total 35328K, used 14464K [0x00000000d5580000, 0x00000000d8b80000, 0x0000000100000000)
  eden space 20480K, 0% used [0x00000000d5580000,0x00000000d5580000,0x00000000d6980000)
  from space 14848K, 97% used [0x00000000d7d00000,0x00000000d8b20000,0x00000000d8b80000)
  to   space 15360K, 0% used [0x00000000d6d80000,0x00000000d6d80000,0x00000000d7c80000)
 ParOldGen       total 139776K, used 139320K [0x0000000080000000, 0x0000000088880000, 0x00000000d5580000)
  object space 139776K, 99% used [0x0000000080000000,0x000000008880e190,0x0000000088880000)
 Metaspace       used 67874K, committed 69440K, reserved 1114112K
  class space    used 7094K, committed 7808K, reserved 1048576K
}

