# JRE version: OpenJDK Runtime Environment Temurin-21.0.10+7 (21.0.10+7) (build 21.0.10+7-LTS)
# Java VM: OpenJDK 64-Bit Server VM Temurin-21.0.10+7 (21.0.10+7-LTS, mixed mode, sharing, tiered, compressed oops, compressed class ptrs, parallel gc, windows-amd64)
GC Precious Log:
 CardTable entry size: 512
 CPUs: 8 total, 8 available
 Memory: 7975M
 Large Page Support: Disabled
 NUMA Support: Disabled
 Compressed Oops: Enabled (32-bit)
 Alignments: Space 512K, Generation 512K, Heap 2M
 Heap Min Capacity: 100M
 Heap Initial Capacity: 100M
 Heap Max Capacity: 2G
 Pre-touch: Disabled
 Parallel Workers: 8
Heap:
 PSYoungGen      total 36352K, used 34024K [0x00000000d5580000, 0x00000000d7980000, 0x0000000100000000)
  eden space 35840K, 93% used [0x00000000d5580000,0x00000000d7656060,0x00000000d7880000)
  from space 512K, 78% used [0x00000000d7900000,0x00000000d7964010,0x00000000d7980000)
  to   space 512K, 0% used [0x00000000d7880000,0x00000000d7880000,0x00000000d7900000)
 ParOldGen       total 231424K, used 229119K [0x0000000080000000, 0x000000008e200000, 0x00000000d5580000)
  object space 231424K, 99% used [0x0000000080000000,0x000000008dfbff18,0x000000008e200000)
 Metaspace       used 68225K, committed 69760K, reserved 1114112K
  class space    used 7029K, committed 7744K, reserved 1048576K
GC Heap History (20 events):
Event: 613.461 GC heap before
{Heap before GC invocations=100 (full 3):
 PSYoungGen      total 28672K, used 28415K [0x00000000d5580000, 0x00000000d7700000, 0x0000000100000000)
  eden space 28160K, 99% used [0x00000000d5580000,0x00000000d70fffd0,0x00000000d7100000)
  from space 512K, 50% used [0x00000000d7680000,0x00000000d76c0000,0x00000000d7700000)
  to   space 1024K, 0% used [0x00000000d7500000,0x00000000d7500000,0x00000000d7600000)
 ParOldGen       total 168448K, used 168148K [0x0000000080000000, 0x000000008a480000, 0x00000000d5580000)
  object space 168448K, 99% used [0x0000000080000000,0x000000008a4353a8,0x000000008a480000)
 Metaspace       used 65539K, committed 67136K, reserved 1114112K
  class space    used 6766K, committed 7488K, reserved 1048576K
}
Event: 613.464 GC heap after
{Heap after GC invocations=100 (full 3):
 PSYoungGen      total 28672K, used 1004K [0x00000000d5580000, 0x00000000d7700000, 0x0000000100000000)
  eden space 27648K, 0% used [0x00000000d5580000,0x00000000d5580000,0x00000000d7080000)
  from space 1024K, 98% used [0x00000000d7500000,0x00000000d75fb398,0x00000000d7600000)
  to   space 1024K, 0% used [0x00000000d7600000,0x00000000d7600000,0x00000000d7700000)
 ParOldGen       total 169472K, used 169344K [0x0000000080000000, 0x000000008a580000, 0x00000000d5580000)
  object space 169472K, 99% used [0x0000000080000000,0x000000008a560190,0x000000008a580000)
 Metaspace       used 65539K, committed 67136K, reserved 1114112K
  class space    used 6766K, committed 7488K, reserved 1048576K
}
Event: 760.854 GC heap before
{Heap before GC invocations=101 (full 3):
 PSYoungGen      total 28672K, used 28652K [0x00000000d5580000, 0x00000000d7700000, 0x0000000100000000)
  eden space 27648K, 100% used [0x00000000d5580000,0x00000000d7080000,0x00000000d7080000)
  from space 1024K, 98% used [0x00000000d7500000,0x00000000d75fb398,0x00000000d7600000)
  to   space 1024K, 0% used [0x00000000d7600000,0x00000000d7600000,0x00000000d7700000)
 ParOldGen       total 169472K, used 169344K [0x0000000080000000, 0x000000008a580000, 0x00000000d5580000)
  object space 169472K, 99% used [0x0000000080000000,0x000000008a560190,0x000000008a580000)
 Metaspace       used 65607K, committed 67200K, reserved 1114112K
  class space    used 6767K, committed 7488K, reserved 1048576K
}
Event: 760.858 GC heap after
{Heap after GC invocations=101 (full 3):
 PSYoungGen      total 28160K, used 1024K [0x00000000d5580000, 0x00000000d7700000, 0x0000000100000000)
  eden space 27136K, 0% used [0x00000000d5580000,0x00000000d5580000,0x00000000d7000000)
  from space 1024K, 100% used [0x00000000d7600000,0x00000000d7700000,0x00000000d7700000)
  to   space 2560K, 0% used [0x00000000d7200000,0x00000000d7200000,0x00000000d7480000)
 ParOldGen       total 170496K, used 170490K [0x0000000080000000, 0x000000008a680000, 0x00000000d5580000)
  object space 170496K, 99% used [0x0000000080000000,0x000000008a67e908,0x000000008a680000)
 Metaspace       used 65607K, committed 67200K, reserved 1114112K
  class space    used 6767K, committed 7488K, reserved 1048576K
}
Event: 1030.174 GC heap before
{Heap before GC invocations=102 (full 3):
 PSYoungGen      total 28160K, used 28160K [0x00000000d5580000, 0x00000000d7700000, 0x0000000100000000)
  eden space 27136K, 100% used [0x00000000d5580000,0x00000000d7000000,0x00000000d7000000)
  from space 1024K, 100% used [0x00000000d7600000,0x00000000d7700000,0x00000000d7700000)
  to   space 2560K, 0% used [0x00000000d7200000,0x00000000d7200000,0x00000000d7480000)
 ParOldGen       total 170496K, used 170490K [0x0000000080000000, 0x000000008a680000, 0x00000000d5580000)
  object space 170496K, 99% used [0x0000000080000000,0x000000008a67e908,0x000000008a680000)
 Metaspace       used 65696K, committed 67264K, reserved 1114112K
  class space    used 6768K, committed 7488K, reserved 1048576K
}
Event: 1030.187 GC heap after
{Heap after GC invocations=102 (full 3):
 PSYoungGen      total 28672K, used 1972K [0x00000000d5580000, 0x00000000d7680000, 0x0000000100000000)
  eden space 26624K, 0% used [0x00000000d5580000,0x00000000d5580000,0x00000000d6f80000)
  from space 2048K, 96% used [0x00000000d7200000,0x00000000d73ed200,0x00000000d7400000)
  to   space 2560K, 0% used [0x00000000d7400000,0x00000000d7400000,0x00000000d7680000)
 ParOldGen       total 171520K, used 171452K [0x0000000080000000, 0x000000008a780000, 0x00000000d5580000)
  object space 171520K, 99% used [0x0000000080000000,0x000000008a76f098,0x000000008a780000)
 Metaspace       used 65696K, committed 67264K, reserved 1114112K
  class space    used 6768K, committed 7488K, reserved 1048576K
}
Event: 1208.516 GC heap before
{Heap before GC invocations=103 (full 3):
 PSYoungGen      total 28672K, used 28596K [0x00000000d5580000, 0x00000000d7680000, 0x0000000100000000)
  eden space 26624K, 100% used [0x00000000d5580000,0x00000000d6f80000,0x00000000d6f80000)
  from space 2048K, 96% used [0x00000000d7200000,0x00000000d73ed200,0x00000000d7400000)
  to   space 2560K, 0% used [0x00000000d7400000,0x00000000d7400000,0x00000000d7680000)
 ParOldGen       total 171520K, used 171452K [0x0000000080000000, 0x000000008a780000, 0x00000000d5580000)
  object space 171520K, 99% used [0x0000000080000000,0x000000008a76f098,0x000000008a780000)
 Metaspace       used 67012K, committed 68608K, reserved 1114112K
  class space    used 6923K, committed 7616K, reserved 1048576K
}
Event: 1208.522 GC heap after
{Heap after GC invocations=103 (full 3):
 PSYoungGen      total 28160K, used 1888K [0x00000000d5580000, 0x00000000d7600000, 0x0000000100000000)
  eden space 26112K, 0% used [0x00000000d5580000,0x00000000d5580000,0x00000000d6f00000)
  from space 2048K, 92% used [0x00000000d7400000,0x00000000d75d8000,0x00000000d7600000)
  to   space 2048K, 0% used [0x00000000d7200000,0x00000000d7200000,0x00000000d7400000)
 ParOldGen       total 173568K, used 173125K [0x0000000080000000, 0x000000008a980000, 0x00000000d5580000)
  object space 173568K, 99% used [0x0000000080000000,0x000000008a9116f8,0x000000008a980000)
 Metaspace       used 67012K, committed 68608K, reserved 1114112K
  class space    used 6923K, committed 7616K, reserved 1048576K
}
Event: 1208.706 GC heap before
{Heap before GC invocations=104 (full 3):
 PSYoungGen      total 28160K, used 27679K [0x00000000d5580000, 0x00000000d7600000, 0x0000000100000000)
  eden space 26112K, 98% used [0x00000000d5580000,0x00000000d6eaff80,0x00000000d6f00000)
  from space 2048K, 92% used [0x00000000d7400000,0x00000000d75d8000,0x00000000d7600000)
  to   space 2048K, 0% used [0x00000000d7200000,0x00000000d7200000,0x00000000d7400000)
 ParOldGen       total 173568K, used 173125K [0x0000000080000000, 0x000000008a980000, 0x00000000d5580000)
  object space 173568K, 99% used [0x0000000080000000,0x000000008a9116f8,0x000000008a980000)
 Metaspace       used 67567K, committed 69184K, reserved 1114112K
  class space    used 6987K, committed 7680K, reserved 1048576K
}
Event: 1208.717 GC heap after
{Heap after GC invocations=104 (full 3):
 PSYoungGen      total 26624K, used 517K [0x00000000d5580000, 0x00000000d7480000, 0x0000000100000000)
  eden space 25600K, 0% used [0x00000000d5580000,0x00000000d5580000,0x00000000d6e80000)
  from space 1024K, 50% used [0x00000000d7200000,0x00000000d7281440,0x00000000d7300000)
  to   space 1536K, 0% used [0x00000000d7300000,0x00000000d7300000,0x00000000d7480000)
 ParOldGen       total 195072K, used 194023K [0x0000000080000000, 0x000000008be80000, 0x00000000d5580000)
  object space 195072K, 99% used [0x0000000080000000,0x000000008bd79ea8,0x000000008be80000)
 Metaspace       used 67567K, committed 69184K, reserved 1114112K
  class space    used 6987K, committed 7680K, reserved 1048576K
}
Event: 1208.725 GC heap before
{Heap before GC invocations=105 (full 3):
 PSYoungGen      total 26624K, used 20137K [0x00000000d5580000, 0x00000000d7480000, 0x0000000100000000)
  eden space 25600K, 76% used [0x00000000d5580000,0x00000000d68a92b0,0x00000000d6e80000)
  from space 1024K, 50% used [0x00000000d7200000,0x00000000d7281440,0x00000000d7300000)
  to   space 1536K, 0% used [0x00000000d7300000,0x00000000d7300000,0x00000000d7480000)
 ParOldGen       total 195072K, used 194023K [0x0000000080000000, 0x000000008be80000, 0x00000000d5580000)
  object space 195072K, 99% used [0x0000000080000000,0x000000008bd79ea8,0x000000008be80000)
 Metaspace       used 67592K, committed 69184K, reserved 1114112K
  class space    used 6989K, committed 7680K, reserved 1048576K
}
Event: 1208.730 GC heap after
{Heap after GC invocations=105 (full 3):
 PSYoungGen      total 25600K, used 208K [0x00000000d5580000, 0x00000000d7380000, 0x0000000100000000)
  eden space 25088K, 0% used [0x00000000d5580000,0x00000000d5580000,0x00000000d6e00000)
  from space 512K, 40% used [0x00000000d7300000,0x00000000d7334010,0x00000000d7380000)
  to   space 512K, 0% used [0x00000000d7280000,0x00000000d7280000,0x00000000d7300000)
 ParOldGen       total 203264K, used 202103K [0x0000000080000000, 0x000000008c680000, 0x00000000d5580000)
  object space 203264K, 99% used [0x0000000080000000,0x000000008c55deb8,0x000000008c680000)
 Metaspace       used 67592K, committed 69184K, reserved 1114112K
  class space    used 6989K, committed 7680K, reserved 1048576K
}
Event: 1208.738 GC heap before
{Heap before GC invocations=106 (full 3):
 PSYoungGen      total 25600K, used 23689K [0x00000000d5580000, 0x00000000d7380000, 0x0000000100000000)
  eden space 25088K, 93% used [0x00000000d5580000,0x00000000d6c6e730,0x00000000d6e00000)
  from space 512K, 40% used [0x00000000d7300000,0x00000000d7334010,0x00000000d7380000)
  to   space 512K, 0% used [0x00000000d7280000,0x00000000d7280000,0x00000000d7300000)
 ParOldGen       total 203264K, used 202103K [0x0000000080000000, 0x000000008c680000, 0x00000000d5580000)
  object space 203264K, 99% used [0x0000000080000000,0x000000008c55deb8,0x000000008c680000)
 Metaspace       used 67592K, committed 69184K, reserved 1114112K
  class space    used 6989K, committed 7680K, reserved 1048576K
}
Event: 1208.739 GC heap after
{Heap after GC invocations=106 (full 3):
 PSYoungGen      total 25088K, used 224K [0x00000000d5580000, 0x00000000d7380000, 0x0000000100000000)
  eden space 24576K, 0% used [0x00000000d5580000,0x00000000d5580000,0x00000000d6d80000)
  from space 512K, 43% used [0x00000000d7280000,0x00000000d72b8000,0x00000000d7300000)
  to   space 512K, 0% used [0x00000000d7300000,0x00000000d7300000,0x00000000d7380000)
 ParOldGen       total 203264K, used 202135K [0x0000000080000000, 0x000000008c680000, 0x00000000d5580000)
  object space 203264K, 99% used [0x0000000080000000,0x000000008c565eb8,0x000000008c680000)
 Metaspace       used 67592K, committed 69184K, reserved 1114112K
  class space    used 6989K, committed 7680K, reserved 1048576K
}
Event: 1208.742 GC heap before
{Heap before GC invocations=107 (full 3):
 PSYoungGen      total 25088K, used 19875K [0x00000000d5580000, 0x00000000d7380000, 0x0000000100000000)
  eden space 24576K, 79% used [0x00000000d5580000,0x00000000d68b0dc8,0x00000000d6d80000)
  from space 512K, 43% used [0x00000000d7280000,0x00000000d72b8000,0x00000000d7300000)
  to   space 512K, 0% used [0x00000000d7300000,0x00000000d7300000,0x00000000d7380000)
 ParOldGen       total 203264K, used 202135K [0x0000000080000000, 0x000000008c680000, 0x00000000d5580000)
  object space 203264K, 99% used [0x0000000080000000,0x000000008c565eb8,0x000000008c680000)
 Metaspace       used 67592K, committed 69184K, reserved 1114112K
  class space    used 6989K, committed 7680K, reserved 1048576K
}
Event: 1208.750 GC heap after
{Heap after GC invocations=107 (full 3):
 PSYoungGen      total 30208K, used 32K [0x00000000d5580000, 0x00000000d7380000, 0x0000000100000000)
  eden space 29696K, 0% used [0x00000000d5580000,0x00000000d5580000,0x00000000d7280000)
  from space 512K, 6% used [0x00000000d7300000,0x00000000d7308000,0x00000000d7380000)
  to   space 512K, 0% used [0x00000000d7280000,0x00000000d7280000,0x00000000d7300000)
 ParOldGen       total 223232K, used 221423K [0x0000000080000000, 0x000000008da00000, 0x00000000d5580000)
  object space 223232K, 99% used [0x0000000080000000,0x000000008d83bf08,0x000000008da00000)
 Metaspace       used 67592K, committed 69184K, reserved 1114112K
  class space    used 6989K, committed 7680K, reserved 1048576K
}
Event: 1208.756 GC heap before
{Heap before GC invocations=108 (full 3):
 PSYoungGen      total 30208K, used 19790K [0x00000000d5580000, 0x00000000d7380000, 0x0000000100000000)
  eden space 29696K, 66% used [0x00000000d5580000,0x00000000d68cba58,0x00000000d7280000)
  from space 512K, 6% used [0x00000000d7300000,0x00000000d7308000,0x00000000d7380000)
  to   space 512K, 0% used [0x00000000d7280000,0x00000000d7280000,0x00000000d7300000)
 ParOldGen       total 223232K, used 221423K [0x0000000080000000, 0x000000008da00000, 0x00000000d5580000)
  object space 223232K, 99% used [0x0000000080000000,0x000000008d83bf08,0x000000008da00000)
 Metaspace       used 67592K, committed 69184K, reserved 1114112K
  class space    used 6989K, committed 7680K, reserved 1048576K
}
Event: 1208.761 GC heap after
{Heap after GC invocations=108 (full 3):
 PSYoungGen      total 30208K, used 128K [0x00000000d5580000, 0x00000000d7980000, 0x0000000100000000)
  eden space 29696K, 0% used [0x00000000d5580000,0x00000000d5580000,0x00000000d7280000)
  from space 512K, 25% used [0x00000000d7280000,0x00000000d72a0000,0x00000000d7300000)
  to   space 512K, 0% used [0x00000000d7900000,0x00000000d7900000,0x00000000d7980000)
 ParOldGen       total 231424K, used 229103K [0x0000000080000000, 0x000000008e200000, 0x00000000d5580000)
  object space 231424K, 98% used [0x0000000080000000,0x000000008dfbbf18,0x000000008e200000)
 Metaspace       used 67592K, committed 69184K, reserved 1114112K
  class space    used 6989K, committed 7680K, reserved 1048576K
}
Event: 1307.433 GC heap before
{Heap before GC invocations=109 (full 3):
 PSYoungGen      total 30208K, used 29824K [0x00000000d5580000, 0x00000000d7980000, 0x0000000100000000)
  eden space 29696K, 100% used [0x00000000d5580000,0x00000000d7280000,0x00000000d7280000)
  from space 512K, 25% used [0x00000000d7280000,0x00000000d72a0000,0x00000000d7300000)
  to   space 512K, 0% used [0x00000000d7900000,0x00000000d7900000,0x00000000d7980000)
 ParOldGen       total 231424K, used 229103K [0x0000000080000000, 0x000000008e200000, 0x00000000d5580000)
  object space 231424K, 98% used [0x0000000080000000,0x000000008dfbbf18,0x000000008e200000)
 Metaspace       used 67792K, committed 69376K, reserved 1114112K
  class space    used 6997K, committed 7744K, reserved 1048576K
}
Event: 1307.436 GC heap after
{Heap after GC invocations=109 (full 3):
 PSYoungGen      total 36352K, used 400K [0x00000000d5580000, 0x00000000d7980000, 0x0000000100000000)
  eden space 35840K, 0% used [0x00000000d5580000,0x00000000d5580000,0x00000000d7880000)
  from space 512K, 78% used [0x00000000d7900000,0x00000000d7964010,0x00000000d7980000)
  to   space 512K, 0% used [0x00000000d7880000,0x00000000d7880000,0x00000000d7900000)
 ParOldGen       total 231424K, used 229119K [0x0000000080000000, 0x000000008e200000, 0x00000000d5580000)
  object space 231424K, 99% used [0x0000000080000000,0x000000008dfbff18,0x000000008e200000)
 Metaspace       used 67792K, committed 69376K, reserved 1114112K
  class space    used 6997K, committed 7744K, reserved 1048576K
}

