# JRE version: OpenJDK Runtime Environment Temurin-21.0.10+7 (21.0.10+7) (build 21.0.10+7-LTS)
# Java VM: OpenJDK 64-Bit Server VM Temurin-21.0.10+7 (21.0.10+7-LTS, mixed mode, sharing, tiered, compressed oops, compressed class ptrs, parallel gc, windows-amd64)
GC Precious Log:
 CardTable entry size: 512
 CPUs: 8 total, 8 available
 Memory: 7975M
 Large Page Support: Disabled
 NUMA Support: Disabled
 Compressed Oops: Enabled (32-bit)
 Alignments: Space 512K, Generation 512K, Heap 2M
 Heap Min Capacity: 100M
 Heap Initial Capacity: 100M
 Heap Max Capacity: 2G
 Pre-touch: Disabled
 Parallel Workers: 8
Heap:
 PSYoungGen      total 19968K, used 10916K [0x00000000d5580000, 0x00000000d6d80000, 0x0000000100000000)
  eden space 18432K, 53% used [0x00000000d5580000,0x00000000d5f12340,0x00000000d6780000)
  from space 1536K, 72% used [0x00000000d6a80000,0x00000000d6b96e98,0x00000000d6c00000)
  to   space 1536K, 0% used [0x00000000d6c00000,0x00000000d6c00000,0x00000000d6d80000)
 ParOldGen       total 68608K, used 32341K [0x0000000080000000, 0x0000000084300000, 0x00000000d5580000)
  object space 68608K, 47% used [0x0000000080000000,0x0000000081f95778,0x0000000084300000)
 Metaspace       used 46662K, committed 47872K, reserved 1114112K
  class space    used 5092K, committed 5632K, reserved 1048576K
GC Heap History (20 events):
Event: 16.090 GC heap before
{Heap before GC invocations=12 (full 1):
 PSYoungGen      total 26112K, used 25688K [0x00000000d5580000, 0x00000000d7580000, 0x0000000100000000)
  eden space 23040K, 100% used [0x00000000d5580000,0x00000000d6c00000,0x00000000d6c00000)
  from space 3072K, 86% used [0x00000000d7280000,0x00000000d7516060,0x00000000d7580000)
  to   space 3584K, 0% used [0x00000000d6e80000,0x00000000d6e80000,0x00000000d7200000)
 ParOldGen       total 68608K, used 14524K [0x0000000080000000, 0x0000000084300000, 0x00000000d5580000)
  object space 68608K, 21% used [0x0000000080000000,0x0000000080e2f338,0x0000000084300000)
 Metaspace       used 31023K, committed 32000K, reserved 1114112K
  class space    used 3161K, committed 3584K, reserved 1048576K
}
Event: 16.096 GC heap after
{Heap after GC invocations=12 (full 1):
 PSYoungGen      total 24064K, used 1405K [0x00000000d5580000, 0x00000000d7300000, 0x0000000100000000)
  eden space 22528K, 0% used [0x00000000d5580000,0x00000000d5580000,0x00000000d6b80000)
  from space 1536K, 91% used [0x00000000d6e80000,0x00000000d6fdf680,0x00000000d7000000)
  to   space 2048K, 0% used [0x00000000d7100000,0x00000000d7100000,0x00000000d7300000)
 ParOldGen       total 68608K, used 16919K [0x0000000080000000, 0x0000000084300000, 0x00000000d5580000)
  object space 68608K, 24% used [0x0000000080000000,0x0000000081085f18,0x0000000084300000)
 Metaspace       used 31023K, committed 32000K, reserved 1114112K
  class space    used 3161K, committed 3584K, reserved 1048576K
}
Event: 16.865 GC heap before
{Heap before GC invocations=13 (full 1):
 PSYoungGen      total 24064K, used 23929K [0x00000000d5580000, 0x00000000d7300000, 0x0000000100000000)
  eden space 22528K, 99% used [0x00000000d5580000,0x00000000d6b7eff8,0x00000000d6b80000)
  from space 1536K, 91% used [0x00000000d6e80000,0x00000000d6fdf680,0x00000000d7000000)
  to   space 2048K, 0% used [0x00000000d7100000,0x00000000d7100000,0x00000000d7300000)
 ParOldGen       total 68608K, used 16919K [0x0000000080000000, 0x0000000084300000, 0x00000000d5580000)
  object space 68608K, 24% used [0x0000000080000000,0x0000000081085f18,0x0000000084300000)
 Metaspace       used 33166K, committed 34240K, reserved 1114112K
  class space    used 3431K, committed 3904K, reserved 1048576K
}
Event: 16.870 GC heap after
{Heap after GC invocations=13 (full 1):
 PSYoungGen      total 23552K, used 1151K [0x00000000d5580000, 0x00000000d7280000, 0x0000000100000000)
  eden space 22016K, 0% used [0x00000000d5580000,0x00000000d5580000,0x00000000d6b00000)
  from space 1536K, 74% used [0x00000000d7100000,0x00000000d721fe20,0x00000000d7280000)
  to   space 1536K, 0% used [0x00000000d6f80000,0x00000000d6f80000,0x00000000d7100000)
 ParOldGen       total 68608K, used 18080K [0x0000000080000000, 0x0000000084300000, 0x00000000d5580000)
  object space 68608K, 26% used [0x0000000080000000,0x00000000811a8020,0x0000000084300000)
 Metaspace       used 33166K, committed 34240K, reserved 1114112K
  class space    used 3431K, committed 3904K, reserved 1048576K
}
Event: 17.138 GC heap before
{Heap before GC invocations=14 (full 1):
 PSYoungGen      total 23552K, used 14227K [0x00000000d5580000, 0x00000000d7280000, 0x0000000100000000)
  eden space 22016K, 59% used [0x00000000d5580000,0x00000000d6245138,0x00000000d6b00000)
  from space 1536K, 74% used [0x00000000d7100000,0x00000000d721fe20,0x00000000d7280000)
  to   space 1536K, 0% used [0x00000000d6f80000,0x00000000d6f80000,0x00000000d7100000)
 ParOldGen       total 68608K, used 18080K [0x0000000080000000, 0x0000000084300000, 0x00000000d5580000)
  object space 68608K, 26% used [0x0000000080000000,0x00000000811a8020,0x0000000084300000)
 Metaspace       used 34741K, committed 35840K, reserved 1114112K
  class space    used 3619K, committed 4096K, reserved 1048576K
}
Event: 17.142 GC heap after
{Heap after GC invocations=14 (full 1):
 PSYoungGen      total 23552K, used 1198K [0x00000000d5580000, 0x00000000d7180000, 0x0000000100000000)
  eden space 22016K, 0% used [0x00000000d5580000,0x00000000d5580000,0x00000000d6b00000)
  from space 1536K, 78% used [0x00000000d6f80000,0x00000000d70abbc0,0x00000000d7100000)
  to   space 512K, 0% used [0x00000000d7100000,0x00000000d7100000,0x00000000d7180000)
 ParOldGen       total 68608K, used 18980K [0x0000000080000000, 0x0000000084300000, 0x00000000d5580000)
  object space 68608K, 27% used [0x0000000080000000,0x00000000812892f8,0x0000000084300000)
 Metaspace       used 34741K, committed 35840K, reserved 1114112K
  class space    used 3619K, committed 4096K, reserved 1048576K
}
Event: 17.142 GC heap before
{Heap before GC invocations=15 (full 2):
 PSYoungGen      total 23552K, used 1198K [0x00000000d5580000, 0x00000000d7180000, 0x0000000100000000)
  eden space 22016K, 0% used [0x00000000d5580000,0x00000000d5580000,0x00000000d6b00000)
  from space 1536K, 78% used [0x00000000d6f80000,0x00000000d70abbc0,0x00000000d7100000)
  to   space 512K, 0% used [0x00000000d7100000,0x00000000d7100000,0x00000000d7180000)
 ParOldGen       total 68608K, used 18980K [0x0000000080000000, 0x0000000084300000, 0x00000000d5580000)
  object space 68608K, 27% used [0x0000000080000000,0x00000000812892f8,0x0000000084300000)
 Metaspace       used 34741K, committed 35840K, reserved 1114112K
  class space    used 3619K, committed 4096K, reserved 1048576K
}
Event: 17.216 GC heap after
{Heap after GC invocations=15 (full 2):
 PSYoungGen      total 23552K, used 0K [0x00000000d5580000, 0x00000000d7180000, 0x0000000100000000)
  eden space 22016K, 0% used [0x00000000d5580000,0x00000000d5580000,0x00000000d6b00000)
  from space 1536K, 0% used [0x00000000d6f80000,0x00000000d6f80000,0x00000000d7100000)
  to   space 512K, 0% used [0x00000000d7100000,0x00000000d7100000,0x00000000d7180000)
 ParOldGen       total 68608K, used 18873K [0x0000000080000000, 0x0000000084300000, 0x00000000d5580000)
  object space 68608K, 27% used [0x0000000080000000,0x000000008126e6b0,0x0000000084300000)
 Metaspace       used 34741K, committed 35840K, reserved 1114112K
  class space    used 3619K, committed 4096K, reserved 1048576K
}
Event: 18.217 GC heap before
{Heap before GC invocations=16 (full 2):
 PSYoungGen      total 23552K, used 22016K [0x00000000d5580000, 0x00000000d7180000, 0x0000000100000000)
  eden space 22016K, 100% used [0x00000000d5580000,0x00000000d6b00000,0x00000000d6b00000)
  from space 1536K, 0% used [0x00000000d6f80000,0x00000000d6f80000,0x00000000d7100000)
  to   space 512K, 0% used [0x00000000d7100000,0x00000000d7100000,0x00000000d7180000)
 ParOldGen       total 68608K, used 18873K [0x0000000080000000, 0x0000000084300000, 0x00000000d5580000)
  object space 68608K, 27% used [0x0000000080000000,0x000000008126e6b0,0x0000000084300000)
 Metaspace       used 36901K, committed 38016K, reserved 1114112K
  class space    used 3870K, committed 4352K, reserved 1048576K
}
Event: 18.222 GC heap after
{Heap after GC invocations=16 (full 2):
 PSYoungGen      total 22528K, used 512K [0x00000000d5580000, 0x00000000d7180000, 0x0000000100000000)
  eden space 22016K, 0% used [0x00000000d5580000,0x00000000d5580000,0x00000000d6b00000)
  from space 512K, 100% used [0x00000000d7100000,0x00000000d7180000,0x00000000d7180000)
  to   space 3072K, 0% used [0x00000000d6b80000,0x00000000d6b80000,0x00000000d6e80000)
 ParOldGen       total 68608K, used 20729K [0x0000000080000000, 0x0000000084300000, 0x00000000d5580000)
  object space 68608K, 30% used [0x0000000080000000,0x000000008143e4b0,0x0000000084300000)
 Metaspace       used 36901K, committed 38016K, reserved 1114112K
  class space    used 3870K, committed 4352K, reserved 1048576K
}
Event: 18.893 GC heap before
{Heap before GC invocations=17 (full 2):
 PSYoungGen      total 22528K, used 22527K [0x00000000d5580000, 0x00000000d7180000, 0x0000000100000000)
  eden space 22016K, 99% used [0x00000000d5580000,0x00000000d6afff60,0x00000000d6b00000)
  from space 512K, 100% used [0x00000000d7100000,0x00000000d7180000,0x00000000d7180000)
  to   space 3072K, 0% used [0x00000000d6b80000,0x00000000d6b80000,0x00000000d6e80000)
 ParOldGen       total 68608K, used 20729K [0x0000000080000000, 0x0000000084300000, 0x00000000d5580000)
  object space 68608K, 30% used [0x0000000080000000,0x000000008143e4b0,0x0000000084300000)
 Metaspace       used 38574K, committed 39680K, reserved 1114112K
  class space    used 4090K, committed 4608K, reserved 1048576K
}
Event: 18.899 GC heap after
{Heap after GC invocations=17 (full 2):
 PSYoungGen      total 25088K, used 3064K [0x00000000d5580000, 0x00000000d7600000, 0x0000000100000000)
  eden space 22016K, 0% used [0x00000000d5580000,0x00000000d5580000,0x00000000d6b00000)
  from space 3072K, 99% used [0x00000000d6b80000,0x00000000d6e7e060,0x00000000d6e80000)
  to   space 5632K, 0% used [0x00000000d7080000,0x00000000d7080000,0x00000000d7600000)
 ParOldGen       total 68608K, used 22467K [0x0000000080000000, 0x0000000084300000, 0x00000000d5580000)
  object space 68608K, 32% used [0x0000000080000000,0x00000000815f0d60,0x0000000084300000)
 Metaspace       used 38574K, committed 39680K, reserved 1114112K
  class space    used 4090K, committed 4608K, reserved 1048576K
}
Event: 19.798 GC heap before
{Heap before GC invocations=18 (full 2):
 PSYoungGen      total 25088K, used 25080K [0x00000000d5580000, 0x00000000d7600000, 0x0000000100000000)
  eden space 22016K, 100% used [0x00000000d5580000,0x00000000d6b00000,0x00000000d6b00000)
  from space 3072K, 99% used [0x00000000d6b80000,0x00000000d6e7e060,0x00000000d6e80000)
  to   space 5632K, 0% used [0x00000000d7080000,0x00000000d7080000,0x00000000d7600000)
 ParOldGen       total 68608K, used 22467K [0x0000000080000000, 0x0000000084300000, 0x00000000d5580000)
  object space 68608K, 32% used [0x0000000080000000,0x00000000815f0d60,0x0000000084300000)
 Metaspace       used 40138K, committed 41344K, reserved 1114112K
  class space    used 4265K, committed 4800K, reserved 1048576K
}
Event: 19.822 GC heap after
{Heap after GC invocations=18 (full 2):
 PSYoungGen      total 24064K, used 5610K [0x00000000d5580000, 0x00000000d7d00000, 0x0000000100000000)
  eden space 18432K, 0% used [0x00000000d5580000,0x00000000d5580000,0x00000000d6780000)
  from space 5632K, 99% used [0x00000000d7080000,0x00000000d75fa940,0x00000000d7600000)
  to   space 9216K, 0% used [0x00000000d6780000,0x00000000d6780000,0x00000000d7080000)
 ParOldGen       total 68608K, used 24914K [0x0000000080000000, 0x0000000084300000, 0x00000000d5580000)
  object space 68608K, 36% used [0x0000000080000000,0x0000000081854b38,0x0000000084300000)
 Metaspace       used 40138K, committed 41344K, reserved 1114112K
  class space    used 4265K, committed 4800K, reserved 1048576K
}
Event: 21.450 GC heap before
{Heap before GC invocations=19 (full 2):
 PSYoungGen      total 24064K, used 24042K [0x00000000d5580000, 0x00000000d7d00000, 0x0000000100000000)
  eden space 18432K, 100% used [0x00000000d5580000,0x00000000d6780000,0x00000000d6780000)
  from space 5632K, 99% used [0x00000000d7080000,0x00000000d75fa940,0x00000000d7600000)
  to   space 9216K, 0% used [0x00000000d6780000,0x00000000d6780000,0x00000000d7080000)
 ParOldGen       total 68608K, used 24914K [0x0000000080000000, 0x0000000084300000, 0x00000000d5580000)
  object space 68608K, 36% used [0x0000000080000000,0x0000000081854b38,0x0000000084300000)
 Metaspace       used 42133K, committed 43328K, reserved 1114112K
  class space    used 4526K, committed 5056K, reserved 1048576K
}
Event: 21.463 GC heap after
{Heap after GC invocations=19 (full 2):
 PSYoungGen      total 19968K, used 1168K [0x00000000d5580000, 0x00000000d7100000, 0x0000000100000000)
  eden space 18432K, 0% used [0x00000000d5580000,0x00000000d5580000,0x00000000d6780000)
  from space 1536K, 76% used [0x00000000d6780000,0x00000000d68a4010,0x00000000d6900000)
  to   space 4096K, 0% used [0x00000000d6d00000,0x00000000d6d00000,0x00000000d7100000)
 ParOldGen       total 68608K, used 30134K [0x0000000080000000, 0x0000000084300000, 0x00000000d5580000)
  object space 68608K, 43% used [0x0000000080000000,0x0000000081d6da48,0x0000000084300000)
 Metaspace       used 42133K, committed 43328K, reserved 1114112K
  class space    used 4526K, committed 5056K, reserved 1048576K
}
Event: 24.992 GC heap before
{Heap before GC invocations=20 (full 2):
 PSYoungGen      total 19968K, used 19600K [0x00000000d5580000, 0x00000000d7100000, 0x0000000100000000)
  eden space 18432K, 100% used [0x00000000d5580000,0x00000000d6780000,0x00000000d6780000)
  from space 1536K, 76% used [0x00000000d6780000,0x00000000d68a4010,0x00000000d6900000)
  to   space 4096K, 0% used [0x00000000d6d00000,0x00000000d6d00000,0x00000000d7100000)
 ParOldGen       total 68608K, used 30134K [0x0000000080000000, 0x0000000084300000, 0x00000000d5580000)
  object space 68608K, 43% used [0x0000000080000000,0x0000000081d6da48,0x0000000084300000)
 Metaspace       used 44234K, committed 45440K, reserved 1114112K
  class space    used 4817K, committed 5376K, reserved 1048576K
}
Event: 25.000 GC heap after
{Heap after GC invocations=20 (full 2):
 PSYoungGen      total 19968K, used 1312K [0x00000000d5580000, 0x00000000d6e80000, 0x0000000100000000)
  eden space 18432K, 0% used [0x00000000d5580000,0x00000000d5580000,0x00000000d6780000)
  from space 1536K, 85% used [0x00000000d6d00000,0x00000000d6e48000,0x00000000d6e80000)
  to   space 2048K, 0% used [0x00000000d6a80000,0x00000000d6a80000,0x00000000d6c80000)
 ParOldGen       total 68608K, used 31165K [0x0000000080000000, 0x0000000084300000, 0x00000000d5580000)
  object space 68608K, 45% used [0x0000000080000000,0x0000000081e6f758,0x0000000084300000)
 Metaspace       used 44234K, committed 45440K, reserved 1114112K
  class space    used 4817K, committed 5376K, reserved 1048576K
}
Event: 27.176 GC heap before
{Heap before GC invocations=21 (full 2):
 PSYoungGen      total 19968K, used 19744K [0x00000000d5580000, 0x00000000d6e80000, 0x0000000100000000)
  eden space 18432K, 100% used [0x00000000d5580000,0x00000000d6780000,0x00000000d6780000)
  from space 1536K, 85% used [0x00000000d6d00000,0x00000000d6e48000,0x00000000d6e80000)
  to   space 2048K, 0% used [0x00000000d6a80000,0x00000000d6a80000,0x00000000d6c80000)
 ParOldGen       total 68608K, used 31165K [0x0000000080000000, 0x0000000084300000, 0x00000000d5580000)
  object space 68608K, 45% used [0x0000000080000000,0x0000000081e6f758,0x0000000084300000)
 Metaspace       used 46377K, committed 47552K, reserved 1114112K
  class space    used 5071K, committed 5568K, reserved 1048576K
}
Event: 27.182 GC heap after
{Heap after GC invocations=21 (full 2):
 PSYoungGen      total 19968K, used 1115K [0x00000000d5580000, 0x00000000d6d80000, 0x0000000100000000)
  eden space 18432K, 0% used [0x00000000d5580000,0x00000000d5580000,0x00000000d6780000)
  from space 1536K, 72% used [0x00000000d6a80000,0x00000000d6b96e98,0x00000000d6c00000)
  to   space 1536K, 0% used [0x00000000d6c00000,0x00000000d6c00000,0x00000000d6d80000)
 ParOldGen       total 68608K, used 32341K [0x0000000080000000, 0x0000000084300000, 0x00000000d5580000)
  object space 68608K, 47% used [0x0000000080000000,0x0000000081f95778,0x0000000084300000)
 Metaspace       used 46377K, committed 47552K, reserved 1114112K
  class space    used 5071K, committed 5568K, reserved 1048576K
}

